<?xml version="1.0" encoding="UTF-8"?>
<testng-results skipped="0" failed="0" total="1" passed="1">
  <reporter-output>
  </reporter-output>
  <suite name="Suite" duration-ms="90156" started-at="2019-09-25T09:31:06Z" finished-at="2019-09-25T09:32:36Z">
    <groups>
    </groups>
    <test name="Test" duration-ms="90156" started-at="2019-09-25T09:31:06Z" finished-at="2019-09-25T09:32:36Z">
      <class name="hmstest.jenkins_testTest">
        <test-method status="PASS" signature="f()[pri:0, instance:hmstest.jenkins_testTest@7907ec20]" name="f" duration-ms="90112" started-at="2019-09-25T15:01:06Z" finished-at="2019-09-25T15:02:36Z">
          <reporter-output>
          </reporter-output>
        </test-method> <!-- f -->
      </class> <!-- hmstest.jenkins_testTest -->
    </test> <!-- Test -->
  </suite> <!-- Suite -->
</testng-results>
