<?xml version="1.0" encoding="UTF-8"?>
<testng-results skipped="0" failed="0" total="1" passed="1">
  <reporter-output>
  </reporter-output>
  <suite name="Suite" duration-ms="124" started-at="2019-09-25T09:18:09Z" finished-at="2019-09-25T09:18:09Z">
    <groups>
    </groups>
    <test name="Test" duration-ms="124" started-at="2019-09-25T09:18:09Z" finished-at="2019-09-25T09:18:09Z">
      <class name="hmstest.jenkins_testTest">
        <test-method status="PASS" signature="f()[pri:0, instance:hmstest.jenkins_testTest@25618e91]" name="f" duration-ms="90" started-at="2019-09-25T14:48:09Z" finished-at="2019-09-25T14:48:09Z">
          <reporter-output>
          </reporter-output>
        </test-method> <!-- f -->
      </class> <!-- hmstest.jenkins_testTest -->
    </test> <!-- Test -->
  </suite> <!-- Suite -->
</testng-results>
